
Logs for container_1783666251674_0002_01_000001
ResourceManager

    RM Home 

NodeManager
Tools
	

WARNING: Using incubator modules: jdk.incubator.vector
2026-07-10T07:54:31,323 INFO  [main] util.SignalUtils: Registering signal handler for TERM
2026-07-10T07:54:31,347 INFO  [main] util.SignalUtils: Registering signal handler for HUP
2026-07-10T07:54:31,348 INFO  [main] util.SignalUtils: Registering signal handler for INT
2026-07-10T07:54:34,044 WARN  [main] util.NativeCodeLoader: Unable to load native-hadoop library for your platform... using builtin-java classes where applicable
2026-07-10T07:54:34,721 INFO  [main] deploy.SparkHadoopUtil: Attempting to login to Kerberos using principal: hadoop/node49.host@MARIPOSA.COM and keytab: node49.host.keytab-4eb53206-c450-4c0e-8a9c-ee07d16ae552
2026-07-10T07:54:35,101 INFO  [main] security.UserGroupInformation: Login successful for user hadoop/node49.host@MARIPOSA.COM using keytab file node49.host.keytab-4eb53206-c450-4c0e-8a9c-ee07d16ae552. Keytab auto renewal enabled : false
2026-07-10T07:54:35,269 INFO  [main] yarn.ApplicationMaster: ApplicationAttemptId: appattempt_1783666251674_0002_000001
2026-07-10T07:54:37,832 INFO  [main] yarn.ApplicationMaster: Starting the user application in a separate Thread
2026-07-10T07:54:37,978 INFO  [main] yarn.ApplicationMaster: Waiting for spark context initialization...
2026-07-10T07:54:38,007 INFO  [Driver] mariposa.Mariposa$: App properties are:
2026-07-10T07:54:38,019 INFO  [Driver] mariposa.Mariposa$: app.kafka.topic: planet-import
2026-07-10T07:54:38,019 INFO  [Driver] mariposa.Mariposa$: app.kafka.run.infinitely: true
2026-07-10T07:54:38,024 INFO  [Driver] mariposa.Mariposa$: app.security.truststore.password: nkfvEv9bNXrKch7TXn7/Vfpdv3cvKoT2
2026-07-10T07:54:38,024 INFO  [Driver] mariposa.Mariposa$: app.hive.table: planet.t_import
2026-07-10T07:54:38,057 INFO  [Driver] mariposa.Kafka2Hive: === Mariposa-Kafka2Hive ===
2026-07-10T07:54:38,057 INFO  [Driver] mariposa.Kafka2Hive: Builder parameters are:
2026-07-10T07:54:38,068 INFO  [Driver] mariposa.Kafka2Hive: hiveTable: planet.t_import
2026-07-10T07:54:38,069 INFO  [Driver] mariposa.Kafka2Hive: infinite: true
2026-07-10T07:54:38,069 INFO  [Driver] mariposa.Kafka2Hive: kafkaBootstrapServers: node143.host:9092
2026-07-10T07:54:38,069 INFO  [Driver] mariposa.Kafka2Hive: kafkaTopic: planet-import
2026-07-10T07:54:38,073 INFO  [Driver] mariposa.Kafka2Hive: pollInterval: 5 seconds
2026-07-10T07:54:38,073 INFO  [Driver] mariposa.Kafka2Hive: truststorePassword: ********************************
2026-07-10T07:54:42,591 INFO  [Driver] conf.HiveConf: Found configuration file null
2026-07-10T07:54:42,931 INFO  [Driver] spark.SparkContext: Running Spark version 4.1.1
2026-07-10T07:54:42,932 INFO  [Driver] spark.SparkContext: OS info Linux, 7.0.0-27-generic, amd64
2026-07-10T07:54:42,933 INFO  [Driver] spark.SparkContext: Java version 17.0.19+10-1-26.04.2-Ubuntu
2026-07-10T07:54:43,006 INFO  [Driver] resource.ResourceUtils: ==============================================================
2026-07-10T07:54:43,007 INFO  [Driver] resource.ResourceUtils: No custom resources configured for spark.driver.
2026-07-10T07:54:43,008 INFO  [Driver] resource.ResourceUtils: ==============================================================
2026-07-10T07:54:43,009 INFO  [Driver] spark.SparkContext: Submitted application: Mariposa-Kafka2Hive-planet-import
2026-07-10T07:54:43,116 INFO  [Driver] spark.SecurityManager: Changing view acls to: hadoop
2026-07-10T07:54:43,117 INFO  [Driver] spark.SecurityManager: Changing modify acls to: hadoop
2026-07-10T07:54:43,118 INFO  [Driver] spark.SecurityManager: Changing view acls groups to: hadoop
2026-07-10T07:54:43,119 INFO  [Driver] spark.SecurityManager: Changing modify acls groups to: hadoop
2026-07-10T07:54:43,121 INFO  [Driver] spark.SecurityManager: SecurityManager: authentication disabled; ui acls disabled; users with view permissions: hadoop groups with view permissions: EMPTY; users with modify permissions: hadoop; groups with modify permissions: EMPTY; RPC SSL disabled
2026-07-10T07:54:43,760 INFO  [Driver] util.Utils: Successfully started service 'sparkDriver' on port 35371.
2026-07-10T07:54:43,822 INFO  [Driver] spark.SparkEnv: Registering MapOutputTracker
2026-07-10T07:54:43,852 INFO  [Driver] spark.SparkEnv: Registering BlockManagerMaster
2026-07-10T07:54:43,891 INFO  [Driver] storage.BlockManagerMasterEndpoint: Using org.apache.spark.storage.DefaultTopologyMapper for getting topology information
2026-07-10T07:54:43,892 INFO  [Driver] storage.BlockManagerMasterEndpoint: BlockManagerMasterEndpoint up
2026-07-10T07:54:43,958 INFO  [Driver] spark.SparkEnv: Registering BlockManagerMasterHeartbeat
2026-07-10T07:54:44,009 INFO  [Driver] storage.DiskBlockManager: Created local directory at /tmp/hadoop-hadoop/nm-local-dir/usercache/hadoop/appcache/application_1783666251674_0002/blockmgr-f9091c9c-c4d6-4671-8999-31b2925e8c96
2026-07-10T07:54:44,141 INFO  [Driver] spark.SparkEnv: Registering OutputCommitCoordinator
2026-07-10T07:54:44,454 INFO  [Driver] ui.JettyUtils: Start Jetty 0.0.0.0:0 for SparkUI
2026-07-10T07:54:44,479 INFO  [Driver] server.Server: jetty-11.0.26; built: 2025-08-14T18:03:14.457Z; git: 7559873b6e46eea7c2c6da2b58327ea2ecf941f4; jvm 17.0.19+10-1-26.04.2-Ubuntu
2026-07-10T07:54:44,543 INFO  [Driver] server.Server: Started Server@395b605{STARTING}[11.0.26,sto=30000] @16386ms
2026-07-10T07:54:44,635 INFO  [Driver] server.AbstractConnector: Started ServerConnector@232cdecc{HTTP/1.1, (http/1.1)}{0.0.0.0:40705}
2026-07-10T07:54:44,637 INFO  [Driver] util.Utils: Successfully started service 'SparkUI' on port 40705.
2026-07-10T07:54:44,643 INFO  [Driver] ui.ServerInfo: Adding filter to /: org.apache.spark.deploy.yarn.AmIpFilter
2026-07-10T07:54:44,695 INFO  [Driver] handler.ContextHandler: Started o.s.j.s.ServletContextHandler@66bd6702{/,null,AVAILABLE,@Spark}
2026-07-10T07:54:44,805 INFO  [Driver] resource.ResourceProfile: Default ResourceProfile created, executor resources: Map(memoryOverhead -> name: memoryOverhead, amount: 256, script: , vendor: , cores -> name: cores, amount: 1, script: , vendor: , memory -> name: memory, amount: 800, script: , vendor: , offHeap -> name: offHeap, amount: 0, script: , vendor: ), task resources: Map(cpus -> name: cpus, amount: 1.0)
2026-07-10T07:54:44,814 INFO  [Driver] resource.ResourceProfile: Limiting resource is cpus at 1 tasks per executor
2026-07-10T07:54:44,818 INFO  [Driver] resource.ResourceProfileManager: Added ResourceProfile id: 0
2026-07-10T07:54:44,840 INFO  [Driver] spark.SecurityManager: Changing view acls to: hadoop
2026-07-10T07:54:44,841 INFO  [Driver] spark.SecurityManager: Changing modify acls to: hadoop
2026-07-10T07:54:44,841 INFO  [Driver] spark.SecurityManager: Changing view acls groups to: hadoop
2026-07-10T07:54:44,841 INFO  [Driver] spark.SecurityManager: Changing modify acls groups to: hadoop
2026-07-10T07:54:44,841 INFO  [Driver] spark.SecurityManager: SecurityManager: authentication disabled; ui acls disabled; users with view permissions: hadoop groups with view permissions: EMPTY; users with modify permissions: hadoop; groups with modify permissions: EMPTY; RPC SSL disabled
2026-07-10T07:54:44,953 INFO  [Driver] cluster.YarnClusterScheduler: Created YarnClusterScheduler
2026-07-10T07:54:45,276 INFO  [Driver] security.HadoopDelegationTokenManager: Attempting to login to KDC using principal: hadoop/node49.host@MARIPOSA.COM
2026-07-10T07:54:45,306 INFO  [Driver] security.HadoopDelegationTokenManager: Successfully logged into KDC.
2026-07-10T07:54:45,376 INFO  [Driver] security.HadoopFSDelegationTokenProvider: getting token for: DFS[DFSClient[clientName=DFSClient_NONMAPREDUCE_-756111814_19, ugi=hadoop/node49.host@MARIPOSA.COM (auth:KERBEROS)]] with renewer hadoop/node49.host@MARIPOSA.COM
2026-07-10T07:54:45,974 INFO  [Driver] hdfs.DFSClient: Created token for hadoop: HDFS_DELEGATION_TOKEN owner=hadoop/node49.host@MARIPOSA.COM, renewer=hadoop, realUser=, issueDate=1783670085897, maxDate=1784274885897, sequenceNumber=355, masterKeyId=61 on 192.168.1.49:9000
2026-07-10T07:54:46,018 INFO  [Driver] security.HadoopFSDelegationTokenProvider: getting token for: DFS[DFSClient[clientName=DFSClient_NONMAPREDUCE_-756111814_19, ugi=hadoop/node49.host@MARIPOSA.COM (auth:KERBEROS)]] with renewer hadoop/node49.host@MARIPOSA.COM
2026-07-10T07:54:46,046 INFO  [Driver] hdfs.DFSClient: Created token for hadoop: HDFS_DELEGATION_TOKEN owner=hadoop/node49.host@MARIPOSA.COM, renewer=hadoop, realUser=, issueDate=1783670086026, maxDate=1784274886026, sequenceNumber=356, masterKeyId=61 on 192.168.1.49:9000
2026-07-10T07:54:46,136 INFO  [Driver] security.HadoopFSDelegationTokenProvider: Renewal interval is 86400098 for token HDFS_DELEGATION_TOKEN
2026-07-10T07:54:46,137 INFO  [Driver] hdfs.DFSClient: Cancelling token for hadoop: HDFS_DELEGATION_TOKEN owner=hadoop/node49.host@MARIPOSA.COM, renewer=hadoop, realUser=, issueDate=1783670086026, maxDate=1784274886026, sequenceNumber=356, masterKeyId=61 on 192.168.1.49:9000
2026-07-10T07:54:46,738 INFO  [Driver] security.HadoopDelegationTokenManager: Calculated delay on renewal is 64799447, based on next renewal 1783756485995 and the ratio 0.75, and current time 1783670086732
2026-07-10T07:54:46,750 INFO  [Driver] security.HadoopDelegationTokenManager: Scheduling renewal in 18.0 h.
2026-07-10T07:54:46,752 INFO  [Driver] security.HadoopDelegationTokenManager: Updating delegation tokens.
2026-07-10T07:54:46,812 INFO  [dispatcher-CoarseGrainedScheduler] deploy.SparkHadoopUtil: Updating delegation tokens for current user.
2026-07-10T07:54:46,812 INFO  [Driver] deploy.SparkHadoopUtil: Updating delegation tokens for current user.
2026-07-10T07:54:46,839 INFO  [Driver] util.Utils: Successfully started service 'org.apache.spark.network.netty.NettyBlockTransferService' on port 41485.
2026-07-10T07:54:46,844 INFO  [Driver] netty.NettyBlockTransferService: Server created on node143.host:41485
2026-07-10T07:54:46,848 INFO  [Driver] storage.BlockManager: Using org.apache.spark.storage.RandomBlockReplicationPolicy for block replication policy
2026-07-10T07:54:46,882 INFO  [Driver] storage.BlockManagerMaster: Registering BlockManager BlockManagerId(driver, node143.host, 41485, None)
2026-07-10T07:54:46,895 INFO  [dispatcher-BlockManagerMaster] storage.BlockManagerMasterEndpoint: Registering block manager node143.host:41485 with 127.2 MiB RAM, BlockManagerId(driver, node143.host, 41485, None)
2026-07-10T07:54:46,901 INFO  [Driver] storage.BlockManagerMaster: Registered BlockManager BlockManagerId(driver, node143.host, 41485, None)
2026-07-10T07:54:46,903 INFO  [Driver] storage.BlockManager: Initialized BlockManager: BlockManagerId(driver, node143.host, 41485, None)
2026-07-10T07:54:47,568 INFO  [Driver] history.RollingEventLogFilesWriter: Logging events to hdfs://node49.host:9000/spark/logs/eventlog_v2_application_1783666251674_0002_1/events_1_application_1783666251674_0002_1.zstd
2026-07-10T07:54:48,399 INFO  [Driver] handler.ContextHandler: Stopped o.s.j.s.ServletContextHandler@66bd6702{/,null,STOPPED,@Spark}
2026-07-10T07:54:48,401 INFO  [Driver] ui.ServerInfo: Adding filter to /jobs: org.apache.spark.deploy.yarn.AmIpFilter
2026-07-10T07:54:48,404 INFO  [Driver] handler.ContextHandler: Started o.s.j.s.ServletContextHandler@50356974{/jobs,null,AVAILABLE,@Spark}
2026-07-10T07:54:48,405 INFO  [Driver] ui.ServerInfo: Adding filter to /jobs/json: org.apache.spark.deploy.yarn.AmIpFilter
2026-07-10T07:54:48,410 INFO  [Driver] handler.ContextHandler: Started o.s.j.s.ServletContextHandler@1935837d{/jobs/json,null,AVAILABLE,@Spark}
2026-07-10T07:54:48,411 INFO  [Driver] ui.ServerInfo: Adding filter to /jobs/job: org.apache.spark.deploy.yarn.AmIpFilter
2026-07-10T07:54:48,417 INFO  [Driver] handler.ContextHandler: Started o.s.j.s.ServletContextHandler@66657c69{/jobs/job,null,AVAILABLE,@Spark}
2026-07-10T07:54:48,418 INFO  [Driver] ui.ServerInfo: Adding filter to /jobs/job/json: org.apache.spark.deploy.yarn.AmIpFilter
2026-07-10T07:54:48,422 INFO  [Driver] handler.ContextHandler: Started o.s.j.s.ServletContextHandler@8507d71{/jobs/job/json,null,AVAILABLE,@Spark}
2026-07-10T07:54:48,423 INFO  [Driver] ui.ServerInfo: Adding filter to /stages: org.apache.spark.deploy.yarn.AmIpFilter
2026-07-10T07:54:48,429 INFO  [Driver] handler.ContextHandler: Started o.s.j.s.ServletContextHandler@1303c09d{/stages,null,AVAILABLE,@Spark}
2026-07-10T07:54:48,430 INFO  [Driver] ui.ServerInfo: Adding filter to /stages/json: org.apache.spark.deploy.yarn.AmIpFilter
2026-07-10T07:54:48,433 INFO  [Driver] handler.ContextHandler: Started o.s.j.s.ServletContextHandler@29314c52{/stages/json,null,AVAILABLE,@Spark}
2026-07-10T07:54:48,433 INFO  [Driver] ui.ServerInfo: Adding filter to /stages/stage: org.apache.spark.deploy.yarn.AmIpFilter
2026-07-10T07:54:48,438 INFO  [Driver] handler.ContextHandler: Started o.s.j.s.ServletContextHandler@3d7b0534{/stages/stage,null,AVAILABLE,@Spark}
2026-07-10T07:54:48,439 INFO  [Driver] ui.ServerInfo: Adding filter to /stages/stage/json: org.apache.spark.deploy.yarn.AmIpFilter
2026-07-10T07:54:48,443 INFO  [Driver] handler.ContextHandler: Started o.s.j.s.ServletContextHandler@53c02f90{/stages/stage/json,null,AVAILABLE,@Spark}
2026-07-10T07:54:48,444 INFO  [Driver] ui.ServerInfo: Adding filter to /stages/pool: org.apache.spark.deploy.yarn.AmIpFilter
2026-07-10T07:54:48,448 INFO  [Driver] handler.ContextHandler: Started o.s.j.s.ServletContextHandler@64f76000{/stages/pool,null,AVAILABLE,@Spark}
2026-07-10T07:54:48,450 INFO  [Driver] ui.ServerInfo: Adding filter to /stages/pool/json: org.apache.spark.deploy.yarn.AmIpFilter
2026-07-10T07:54:48,455 INFO  [Driver] handler.ContextHandler: Started o.s.j.s.ServletContextHandler@13d47654{/stages/pool/json,null,AVAILABLE,@Spark}
2026-07-10T07:54:48,457 INFO  [Driver] ui.ServerInfo: Adding filter to /stages/taskThreadDump: org.apache.spark.deploy.yarn.AmIpFilter
2026-07-10T07:54:48,462 INFO  [Driver] handler.ContextHandler: Started o.s.j.s.ServletContextHandler@23baada5{/stages/taskThreadDump,null,AVAILABLE,@Spark}
2026-07-10T07:54:48,465 INFO  [Driver] ui.ServerInfo: Adding filter to /stages/taskThreadDump/json: org.apache.spark.deploy.yarn.AmIpFilter
2026-07-10T07:54:48,469 INFO  [Driver] handler.ContextHandler: Started o.s.j.s.ServletContextHandler@26920522{/stages/taskThreadDump/json,null,AVAILABLE,@Spark}
2026-07-10T07:54:48,470 INFO  [Driver] ui.ServerInfo: Adding filter to /storage: org.apache.spark.deploy.yarn.AmIpFilter
2026-07-10T07:54:48,472 INFO  [Driver] handler.ContextHandler: Started o.s.j.s.ServletContextHandler@1487da6d{/storage,null,AVAILABLE,@Spark}
2026-07-10T07:54:48,473 INFO  [Driver] ui.ServerInfo: Adding filter to /storage/json: org.apache.spark.deploy.yarn.AmIpFilter
2026-07-10T07:54:48,477 INFO  [Driver] handler.ContextHandler: Started o.s.j.s.ServletContextHandler@78abd984{/storage/json,null,AVAILABLE,@Spark}
2026-07-10T07:54:48,478 INFO  [Driver] ui.ServerInfo: Adding filter to /storage/rdd: org.apache.spark.deploy.yarn.AmIpFilter
2026-07-10T07:54:48,482 INFO  [Driver] handler.ContextHandler: Started o.s.j.s.ServletContextHandler@2795715f{/storage/rdd,null,AVAILABLE,@Spark}
2026-07-10T07:54:48,484 INFO  [Driver] ui.ServerInfo: Adding filter to /storage/rdd/json: org.apache.spark.deploy.yarn.AmIpFilter
2026-07-10T07:54:48,487 INFO  [Driver] handler.ContextHandler: Started o.s.j.s.ServletContextHandler@323aea5c{/storage/rdd/json,null,AVAILABLE,@Spark}
2026-07-10T07:54:48,488 INFO  [Driver] ui.ServerInfo: Adding filter to /environment: org.apache.spark.deploy.yarn.AmIpFilter
2026-07-10T07:54:48,491 INFO  [Driver] handler.ContextHandler: Started o.s.j.s.ServletContextHandler@1b31b1da{/environment,null,AVAILABLE,@Spark}
2026-07-10T07:54:48,493 INFO  [Driver] ui.ServerInfo: Adding filter to /environment/json: org.apache.spark.deploy.yarn.AmIpFilter
2026-07-10T07:54:48,496 INFO  [Driver] handler.ContextHandler: Started o.s.j.s.ServletContextHandler@6d51e6ba{/environment/json,null,AVAILABLE,@Spark}
2026-07-10T07:54:48,498 INFO  [Driver] ui.ServerInfo: Adding filter to /executors: org.apache.spark.deploy.yarn.AmIpFilter
2026-07-10T07:54:48,501 INFO  [Driver] handler.ContextHandler: Started o.s.j.s.ServletContextHandler@6fadb63d{/executors,null,AVAILABLE,@Spark}
2026-07-10T07:54:48,501 INFO  [Driver] ui.ServerInfo: Adding filter to /executors/json: org.apache.spark.deploy.yarn.AmIpFilter
2026-07-10T07:54:48,505 INFO  [Driver] handler.ContextHandler: Started o.s.j.s.ServletContextHandler@82de180{/executors/json,null,AVAILABLE,@Spark}
2026-07-10T07:54:48,507 INFO  [Driver] ui.ServerInfo: Adding filter to /executors/threadDump: org.apache.spark.deploy.yarn.AmIpFilter
2026-07-10T07:54:48,511 INFO  [Driver] handler.ContextHandler: Started o.s.j.s.ServletContextHandler@49543de2{/executors/threadDump,null,AVAILABLE,@Spark}
2026-07-10T07:54:48,512 INFO  [Driver] ui.ServerInfo: Adding filter to /executors/threadDump/json: org.apache.spark.deploy.yarn.AmIpFilter
2026-07-10T07:54:48,514 INFO  [Driver] handler.ContextHandler: Started o.s.j.s.ServletContextHandler@65247ae5{/executors/threadDump/json,null,AVAILABLE,@Spark}
2026-07-10T07:54:48,515 INFO  [Driver] ui.ServerInfo: Adding filter to /executors/heapHistogram: org.apache.spark.deploy.yarn.AmIpFilter
2026-07-10T07:54:48,517 INFO  [Driver] handler.ContextHandler: Started o.s.j.s.ServletContextHandler@7535a0a{/executors/heapHistogram,null,AVAILABLE,@Spark}
2026-07-10T07:54:48,518 INFO  [Driver] ui.ServerInfo: Adding filter to /executors/heapHistogram/json: org.apache.spark.deploy.yarn.AmIpFilter
2026-07-10T07:54:48,520 INFO  [Driver] handler.ContextHandler: Started o.s.j.s.ServletContextHandler@c7074e6{/executors/heapHistogram/json,null,AVAILABLE,@Spark}
2026-07-10T07:54:48,521 INFO  [Driver] ui.ServerInfo: Adding filter to /static: org.apache.spark.deploy.yarn.AmIpFilter
2026-07-10T07:54:48,536 INFO  [Driver] handler.ContextHandler: Started o.s.j.s.ServletContextHandler@28cf91f8{/static,null,AVAILABLE,@Spark}
2026-07-10T07:54:48,537 INFO  [Driver] ui.ServerInfo: Adding filter to /: org.apache.spark.deploy.yarn.AmIpFilter
2026-07-10T07:54:48,539 INFO  [Driver] handler.ContextHandler: Started o.s.j.s.ServletContextHandler@479bdd6a{/,null,AVAILABLE,@Spark}
2026-07-10T07:54:48,540 INFO  [Driver] ui.ServerInfo: Adding filter to /api: org.apache.spark.deploy.yarn.AmIpFilter
2026-07-10T07:54:48,544 INFO  [Driver] handler.ContextHandler: Started o.s.j.s.ServletContextHandler@3a3e866b{/api,null,AVAILABLE,@Spark}
2026-07-10T07:54:48,545 INFO  [Driver] ui.ServerInfo: Adding filter to /metrics: org.apache.spark.deploy.yarn.AmIpFilter
2026-07-10T07:54:48,547 INFO  [Driver] handler.ContextHandler: Started o.s.j.s.ServletContextHandler@4b096202{/metrics,null,AVAILABLE,@Spark}
2026-07-10T07:54:48,548 INFO  [Driver] ui.ServerInfo: Adding filter to /jobs/job/kill: org.apache.spark.deploy.yarn.AmIpFilter
2026-07-10T07:54:48,550 INFO  [Driver] handler.ContextHandler: Started o.s.j.s.ServletContextHandler@5a33a542{/jobs/job/kill,null,AVAILABLE,@Spark}
2026-07-10T07:54:48,551 INFO  [Driver] ui.ServerInfo: Adding filter to /stages/stage/kill: org.apache.spark.deploy.yarn.AmIpFilter
2026-07-10T07:54:48,553 INFO  [Driver] handler.ContextHandler: Started o.s.j.s.ServletContextHandler@7e39f94e{/stages/stage/kill,null,AVAILABLE,@Spark}
2026-07-10T07:54:48,561 INFO  [Driver] ui.ServerInfo: Adding filter to /metrics/json: org.apache.spark.deploy.yarn.AmIpFilter
2026-07-10T07:54:48,564 INFO  [Driver] handler.ContextHandler: Started o.s.j.s.ServletContextHandler@68397cd5{/metrics/json,null,AVAILABLE,@Spark}
2026-07-10T07:54:48,606 INFO  [main] client.DefaultNoHARMFailoverProxyProvider: Connecting to ResourceManager at node49.host/192.168.1.49:8030
2026-07-10T07:54:48,663 INFO  [main] yarn.YarnRMClient: Registering the ApplicationMaster
2026-07-10T07:54:48,777 INFO  [main] yarn.ApplicationMaster: Preparing Local resources
2026-07-10T07:54:48,894 INFO  [main] spark.SecurityManager: Changing view acls to: hadoop
2026-07-10T07:54:48,895 INFO  [main] spark.SecurityManager: Changing modify acls to: hadoop
2026-07-10T07:54:48,895 INFO  [main] spark.SecurityManager: Changing view acls groups to: hadoop
2026-07-10T07:54:48,895 INFO  [main] spark.SecurityManager: Changing modify acls groups to: hadoop
2026-07-10T07:54:48,897 INFO  [main] spark.SecurityManager: SecurityManager: authentication disabled; ui acls disabled; users with view permissions: hadoop groups with view permissions: EMPTY; users with modify permissions: hadoop; groups with modify permissions: EMPTY; RPC SSL disabled
2026-07-10T07:54:49,285 INFO  [main] yarn.ApplicationMaster: ty: PUBLIC
    __spark_libs__/spark-common-utils_2.13-4.1.1.jar -> resource { scheme: "hdfs" host: "node49.host" port: 9000 file: "/spark/libs/spark-common-utils_2.13-4.1.1.jar" } size: 519585 timestamp: 1781443950550 type: FILE visibility: PUBLIC
    __spark_libs__/log4j-slf4j2-impl-2.24.3.jar -> resource { scheme: "hdfs" host: "node49.host" port: 9000 file: "/spark/libs/log4j-slf4j2-impl-2.24.3.jar" } size: 30133 timestamp: 1781443910789 type: FILE visibility: PUBLIC
    __spark_libs__/spark-sql-api_2.13-4.1.1.jar -> resource { scheme: "hdfs" host: "node49.host" port: 9000 file: "/spark/libs/spark-sql-api_2.13-4.1.1.jar" } size: 3042858 timestamp: 1781443963577 type: FILE visibility: PUBLIC
    __spark_libs__/arrow-vector-18.3.0.jar -> resource { scheme: "hdfs" host: "node49.host" port: 9000 file: "/spark/libs/arrow-vector-18.3.0.jar" } size: 2238051 timestamp: 1781443858603 type: FILE visibility: PUBLIC

===============================================================================
2026-07-10T07:54:49,338 INFO  [main] yarn.YarnAllocator: Resource profile 0 doesn't exist, adding it
2026-07-10T07:54:49,390 INFO  [main] conf.Configuration: resource-types.xml not found
2026-07-10T07:54:49,391 INFO  [main] resource.ResourceUtils: Unable to find 'resource-types.xml'.
2026-07-10T07:54:49,412 INFO  [dispatcher-event-loop-1] cluster.YarnSchedulerBackend$YarnSchedulerEndpoint: ApplicationMaster registered as NettyRpcEndpointRef(spark://YarnAM@node143.host:35371)
2026-07-10T07:54:49,422 INFO  [main] yarn.YarnAllocator: Will request 2 executor container(s) for ResourceProfile Id: 0, each with 1 core(s) and 1056 MB memory. with custom resources: <memory:1056, vCores:1>
2026-07-10T07:54:49,459 INFO  [main] yarn.YarnAllocator: Submitted 2 unlocalized container requests.
2026-07-10T07:54:49,549 INFO  [main] yarn.ApplicationMaster: Started progress reporter thread with (heartbeat: 3000, initial allocation: 200) intervals
2026-07-10T07:54:49,595 INFO  [Reporter] yarn.YarnAllocator: Launching container container_1783666251674_0002_01_000002 on host node143.host for executor with ID 1 for ResourceProfile Id 0
2026-07-10T07:54:49,601 INFO  [Reporter] yarn.YarnAllocator: Launching container container_1783666251674_0002_01_000003 on host node131.host for executor with ID 2 for ResourceProfile Id 0
2026-07-10T07:54:49,606 INFO  [Reporter] yarn.YarnAllocator: Received 2 containers from YARN, launching executors on 2 of them.
2026-07-10T07:55:08,744 INFO  [dispatcher-CoarseGrainedScheduler] cluster.YarnSchedulerBackend$YarnDriverEndpoint: Registered executor NettyRpcEndpointRef(spark-client://Executor) (192.168.1.143:35300) with ID 1, ResourceProfileId 0
2026-07-10T07:55:09,527 INFO  [dispatcher-BlockManagerMaster] storage.BlockManagerMasterEndpoint: Registering block manager node143.host:40933 with 300.0 MiB RAM, BlockManagerId(1, node143.host, 40933, None)
2026-07-10T07:55:12,743 INFO  [dispatcher-CoarseGrainedScheduler] cluster.YarnSchedulerBackend$YarnDriverEndpoint: Registered executor NettyRpcEndpointRef(spark-client://Executor) (192.168.1.131:33682) with ID 2, ResourceProfileId 0
2026-07-10T07:55:12,845 INFO  [Driver] cluster.YarnClusterSchedulerBackend: SchedulerBackend is ready for scheduling beginning after reached minRegisteredResourcesRatio: 0.8
2026-07-10T07:55:12,846 INFO  [Driver] cluster.YarnClusterScheduler: YarnClusterScheduler.postStartHook done
2026-07-10T07:55:13,063 INFO  [dispatcher-BlockManagerMaster] storage.BlockManagerMasterEndpoint: Registering block manager node131.host:34369 with 300.0 MiB RAM, BlockManagerId(2, node131.host, 34369, None)
2026-07-10T07:55:18,612 INFO  [Driver] internal.SharedState: Setting hive.metastore.warehouse.dir ('null') to the value of spark.sql.warehouse.dir.
2026-07-10T07:55:18,617 INFO  [Driver] internal.SharedState: Warehouse path is 'hdfs://node49.host:9000/user/hive/warehouse'.
2026-07-10T07:55:18,666 INFO  [Driver] ui.ServerInfo: Adding filter to /SQL: org.apache.spark.deploy.yarn.AmIpFilter
2026-07-10T07:55:18,670 INFO  [Driver] handler.ContextHandler: Started o.s.j.s.ServletContextHandler@32f0d71{/SQL,null,AVAILABLE,@Spark}
2026-07-10T07:55:18,671 INFO  [Driver] ui.ServerInfo: Adding filter to /SQL/json: org.apache.spark.deploy.yarn.AmIpFilter
2026-07-10T07:55:18,673 INFO  [Driver] handler.ContextHandler: Started o.s.j.s.ServletContextHandler@4e4bd8c7{/SQL/json,null,AVAILABLE,@Spark}
2026-07-10T07:55:18,674 INFO  [Driver] ui.ServerInfo: Adding filter to /SQL/execution: org.apache.spark.deploy.yarn.AmIpFilter
2026-07-10T07:55:18,677 INFO  [Driver] handler.ContextHandler: Started o.s.j.s.ServletContextHandler@5de55d8{/SQL/execution,null,AVAILABLE,@Spark}
2026-07-10T07:55:18,678 INFO  [Driver] ui.ServerInfo: Adding filter to /SQL/execution/json: org.apache.spark.deploy.yarn.AmIpFilter
2026-07-10T07:55:18,681 INFO  [Driver] handler.ContextHandler: Started o.s.j.s.ServletContextHandler@c9dc3b5{/SQL/execution/json,null,AVAILABLE,@Spark}
2026-07-10T07:55:18,684 INFO  [Driver] ui.ServerInfo: Adding filter to /static/sql: org.apache.spark.deploy.yarn.AmIpFilter
2026-07-10T07:55:18,687 INFO  [Driver] handler.ContextHandler: Started o.s.j.s.ServletContextHandler@7ec2eb97{/static/sql,null,AVAILABLE,@Spark}
2026-07-10T07:55:22,888 INFO  [Driver] hive.HiveUtils: opt/hive/lib/lz4-java-1.7.1.jar, file:/opt/hive/lib/hppc-0.7.2.jar, file:/opt/hive/lib/kotlin-stdlib-1.8.21.jar, file:/opt/hive/lib/netty-codec-smtp-4.1.116.Final.jar, file:/opt/hive/lib/kafka-clients-2.5.0.jar, file:/opt/hive/lib/velocity-engine-core-2.3.jar, file:/opt/hive/lib/opentest4j-1.3.0.jar, file:/opt/hive/lib/javax.json-api-1.0.jar, file:/opt/hive/lib/jetty-annotations-9.4.57.v20241219.jar, file:/opt/hive/lib/kotlin-stdlib-jdk7-1.8.21.jar, file:/opt/hive/lib/opencsv-5.9.jar, file:/opt/hive/lib/cryptacular-1.2.4.jar, file:/opt/hive/lib/junit-platform-commons-1.11.2.jar, file:/opt/hive/lib/netty-resolver-dns-classes-macos-4.1.116.Final.jar, file:/opt/hive/lib/commons-io-2.16.1.jar, file:/opt/hive/lib/jetty-webapp-9.4.57.v20241219.jar, file:/opt/hive/lib/hive-shims-common-4.1.0.jar, file:/opt/hive/lib/datanucleus-core-6.0.10.jar, file:/opt/hive/lib/netty-transport-sctp-4.1.116.Final.jar, file:/opt/hive/lib/opensaml-core-3.4.6.jar, file:/opt/hive/lib/datanucleus-api-jdo-6.0.3.jar
2026-07-10T07:55:24,739 INFO  [Driver] conf.HiveConf: Found configuration file file:/opt/hive/conf/hive-site.xml
2026-07-10T07:55:24,741 INFO  [Driver] conf.HiveConf: Found configuration file null
2026-07-10T07:55:24,743 INFO  [Driver] conf.HiveConf: Found configuration file null
2026-07-10T07:55:24,747 INFO  [Driver] conf.HiveConf: Found configuration file null
2026-07-10T07:55:25,677 WARN  [Driver] client.HiveClientImpl: Detected HiveConf hive.execution.engine is 'tez' and will be reset to 'mr' to disable useless hive logic
Hive Session ID = 343cb1e0-6b56-470c-8b28-9fdfaff618a2
2026-07-10T07:55:25,867 INFO  [Driver] SessionState: Hive Session ID = 343cb1e0-6b56-470c-8b28-9fdfaff618a2
2026-07-10T07:55:25,975 INFO  [Driver] client.HiveClientImpl: Warehouse location for Hive client (version 4.1.0) is hdfs://node49.host:9000/user/hive/warehouse
2026-07-10T07:55:26,300 INFO  [Driver] metastore.HiveMetaStoreClient: HMS client filtering is enabled.
2026-07-10T07:55:26,300 INFO  [Driver] metastore.HiveMetaStoreClient: Resolved metastore uris: [thrift://node49.host:9083]
2026-07-10T07:55:26,301 INFO  [Driver] metastore.HiveMetaStoreClient: Trying to connect to metastore with URI (thrift://node49.host:9083) in binary transport mode
2026-07-10T07:55:26,495 INFO  [Driver] metastore.HiveMetaStoreClient: Opened a connection to metastore, URI (thrift://node49.host:9083) current connections: 1
2026-07-10T07:55:26,530 INFO  [Driver] metastore.RetryingMetaStoreClient: RetryingMetaStoreClient proxy=class org.apache.hadoop.hive.ql.metadata.SessionHiveMetaStoreClient ugi=hadoop/node49.host@MARIPOSA.COM (auth:KERBEROS) retries=1 delay=1 lifetime=0
2026-07-10T07:55:40,569 WARN  [Driver] datasources.SharedInMemoryCache: Evicting cached table partition metadata from memory due to size constraints (spark.sql.hive.filesourcePartitionFileCacheSize = 262144000 bytes). This may impact query planning performance.
2026-07-10T07:55:40,678 INFO  [Driver] datasources.InMemoryFileIndex: It took 10090 ms to list leaf files for 1 paths.
2026-07-10T07:55:41,535 INFO  [Driver] mariposa.Kafka2Hive: -- portrait_favorite_music: string (nullable = true)
 |-- portrait_favorite_movies: string (nullable = true)
 |-- portrait_favorite_books: string (nullable = true)
 |-- portrait_favorite_dishes: string (nullable = true)
 |-- portrait_favorite_cities: string (nullable = true)
 |-- portrait_favorite_hobby: string (nullable = true)
 |-- portrait_favorite_places: string (nullable = true)
 |-- portrait_best_thing: string (nullable = true)
 |-- portrait_worst_thing: string (nullable = true)
 |-- portrait_valued_qualities: string (nullable = true)
 |-- portrait_what_forgive: string (nullable = true)
 |-- portrait_religion: string (nullable = true)
 |-- portrait_strengths: string (nullable = true)
 |-- portrait_weaknesses: string (nullable = true)
 |-- portrait_job_interesting: string (nullable = true)
 |-- portrait_adventure: string (nullable = true)
 |-- portrait_tv: string (nullable = true)
 |-- portrait_profanity: string (nullable = true)
 |-- api_capture_date: timestamp (nullable = true)

2026-07-10T07:55:42,692 INFO  [Driver] state.StateStoreCoordinatorRef: Registered StateStoreCoordinator endpoint
2026-07-10T07:55:42,755 INFO  [Driver] ui.ServerInfo: Adding filter to /StreamingQuery: org.apache.spark.deploy.yarn.AmIpFilter
2026-07-10T07:55:42,760 INFO  [Driver] handler.ContextHandler: Started o.s.j.s.ServletContextHandler@7b266b6f{/StreamingQuery,null,AVAILABLE,@Spark}
2026-07-10T07:55:42,763 INFO  [Driver] ui.ServerInfo: Adding filter to /StreamingQuery/json: org.apache.spark.deploy.yarn.AmIpFilter
2026-07-10T07:55:42,766 INFO  [Driver] handler.ContextHandler: Started o.s.j.s.ServletContextHandler@1b21af24{/StreamingQuery/json,null,AVAILABLE,@Spark}
2026-07-10T07:55:42,770 INFO  [Driver] ui.ServerInfo: Adding filter to /StreamingQuery/statistics: org.apache.spark.deploy.yarn.AmIpFilter
2026-07-10T07:55:42,774 INFO  [Driver] handler.ContextHandler: Started o.s.j.s.ServletContextHandler@37ae155a{/StreamingQuery/statistics,null,AVAILABLE,@Spark}
2026-07-10T07:55:42,775 INFO  [Driver] ui.ServerInfo: Adding filter to /StreamingQuery/statistics/json: org.apache.spark.deploy.yarn.AmIpFilter
2026-07-10T07:55:42,778 INFO  [Driver] handler.ContextHandler: Started o.s.j.s.ServletContextHandler@1eadb59b{/StreamingQuery/statistics/json,null,AVAILABLE,@Spark}
2026-07-10T07:55:42,781 INFO  [Driver] ui.ServerInfo: Adding filter to /static/sql: org.apache.spark.deploy.yarn.AmIpFilter
2026-07-10T07:55:42,786 INFO  [Driver] handler.ContextHandler: Started o.s.j.s.ServletContextHandler@7df80dc8{/static/sql,null,AVAILABLE,@Spark}
2026-07-10T07:55:42,846 INFO  [Driver] runtime.ResolveWriteToStream: Checkpoint root /tmp/spark-checkpoints/mariposa-hive-planet-import resolved to hdfs://node49.host:9000/tmp/spark-checkpoints/mariposa-hive-planet-import.
2026-07-10T07:55:42,850 WARN  [Driver] runtime.ResolveWriteToStream: spark.sql.adaptive.enabled is not supported in streaming DataFrames/Datasets and will be disabled.
2026-07-10T07:55:43,334 INFO  [Driver] runtime.MicroBatchExecution: Starting [id = 902c30ec-3a1f-44e8-98b0-fa8623ee4f47, runId = 015e8960-3136-4856-ba07-4dbab963ea88]. Use hdfs://node49.host:9000/tmp/spark-checkpoints/mariposa-hive-planet-import to store the query checkpoint.
2026-07-10T07:55:43,426 INFO  [stream execution thread for [id = 902c30ec-3a1f-44e8-98b0-fa8623ee4f47, runId = 015e8960-3136-4856-ba07-4dbab963ea88]] runtime.MicroBatchExecution: Reading table [org.apache.spark.sql.kafka010.KafkaSourceProvider$KafkaTable@3a5dd56f] from DataSourceV2 named 'kafka' [org.apache.spark.sql.kafka010.KafkaSourceProvider@3ce570]
2026-07-10T07:55:43,569 WARN  [stream execution thread for [id = 902c30ec-3a1f-44e8-98b0-fa8623ee4f47, runId = 015e8960-3136-4856-ba07-4dbab963ea88]] util.SparkStringUtils: Truncated the string representation of a plan since it was too large. This behavior can be adjusted by setting 'spark.sql.debug.maxToStringFields'.
2026-07-10T07:55:43,576 INFO  [stream execution thread for [id = 902c30ec-3a1f-44e8-98b0-fa8623ee4f47, runId = 015e8960-3136-4856-ba07-4dbab963ea88]] runtime.MicroBatchExecution: ield(personal_housing,StringType,true), StructField(personal_has_car,StringType,true), StructField(personal_education,StringType,true), StructField(personal_university,StringType,true), StructField(personal_graduate_year,StringType,true), StructField(personal_income,StringType,true), StructField(personal_industry,StringType,true), StructField(personal_job,StringType,true), StructField(personal_smoking,StringType,true), StructField(personal_alcohol,StringType,true), StructField(personal_languages,ArrayType(StringType,true),true), StructField(personal_sports,ArrayType(StringType,true),true), StructField(quote,StringType,true), StructField(seeking,StringType,true), StructField(about,StringType,true), StructField(target_search,StringType,true), ... 24 more fields) AS data#107]
      +- ~Project [cast(value#100 as string) AS json_payload#106]
         +- ~StreamingDataSourceV2ScanRelation[key#99, value#100, topic#101, partition#102, offset#103L, timestamp#104, timestampType#105] KafkaTable

2026-07-10T07:55:43,630 INFO  [stream execution thread for [id = 902c30ec-3a1f-44e8-98b0-fa8623ee4f47, runId = 015e8960-3136-4856-ba07-4dbab963ea88]] checkpointing.OffsetSeqLog: BatchIds found from listing: 9296, 9297, 9298, 9299, 9300, 9301, 9302, 9303, 9304, 9305, 9306, 9307, 9308, 9309, 9310, 9311, 9312, 9313, 9314, 9315, 9316, 9317, 9318, 9319, 9320, 9321, 9322, 9323, 9324, 9325, 9326, 9327, 9328, 9329, 9330, 9331, 9332, 9333, 9334, 9335, 9336, 9337, 9338, 9339, 9340, 9341, 9342, 9343, 9344, 9345, 9346, 9347, 9348, 9349, 9350, 9351, 9352, 9353, 9354, 9355, 9356, 9357, 9358, 9359, 9360, 9361, 9362, 9363, 9364, 9365, 9366, 9367, 9368, 9369, 9370, 9371, 9372, 9373, 9374, 9375, 9376, 9377, 9378, 9379, 9380, 9381, 9382, 9383, 9384, 9385, 9386, 9387, 9388, 9389, 9390, 9391, 9392, 9393, 9394, 9395, 9396
2026-07-10T07:55:43,657 INFO  [stream execution thread for [id = 902c30ec-3a1f-44e8-98b0-fa8623ee4f47, runId = 015e8960-3136-4856-ba07-4dbab963ea88]] checkpointing.OffsetSeqLog: Getting latest batch 9396
2026-07-10T07:55:43,774 INFO  [stream execution thread for [id = 902c30ec-3a1f-44e8-98b0-fa8623ee4f47, runId = 015e8960-3136-4856-ba07-4dbab963ea88]] checkpointing.CommitLog: BatchIds found from listing: 9296, 9297, 9298, 9299, 9300, 9301, 9302, 9303, 9304, 9305, 9306, 9307, 9308, 9309, 9310, 9311, 9312, 9313, 9314, 9315, 9316, 9317, 9318, 9319, 9320, 9321, 9322, 9323, 9324, 9325, 9326, 9327, 9328, 9329, 9330, 9331, 9332, 9333, 9334, 9335, 9336, 9337, 9338, 9339, 9340, 9341, 9342, 9343, 9344, 9345, 9346, 9347, 9348, 9349, 9350, 9351, 9352, 9353, 9354, 9355, 9356, 9357, 9358, 9359, 9360, 9361, 9362, 9363, 9364, 9365, 9366, 9367, 9368, 9369, 9370, 9371, 9372, 9373, 9374, 9375, 9376, 9377, 9378, 9379, 9380, 9381, 9382, 9383, 9384, 9385, 9386, 9387, 9388, 9389, 9390, 9391, 9392, 9393, 9394, 9395
2026-07-10T07:55:43,779 INFO  [stream execution thread for [id = 902c30ec-3a1f-44e8-98b0-fa8623ee4f47, runId = 015e8960-3136-4856-ba07-4dbab963ea88]] checkpointing.CommitLog: Getting latest batch 9395
2026-07-10T07:55:44,215 INFO  [stream execution thread for [id = 902c30ec-3a1f-44e8-98b0-fa8623ee4f47, runId = 015e8960-3136-4856-ba07-4dbab963ea88]] checkpointing.OffsetSeqLog: BatchIds found from listing: 9296, 9297, 9298, 9299, 9300, 9301, 9302, 9303, 9304, 9305, 9306, 9307, 9308, 9309, 9310, 9311, 9312, 9313, 9314, 9315, 9316, 9317, 9318, 9319, 9320, 9321, 9322, 9323, 9324, 9325, 9326, 9327, 9328, 9329, 9330, 9331, 9332, 9333, 9334, 9335, 9336, 9337, 9338, 9339, 9340, 9341, 9342, 9343, 9344, 9345, 9346, 9347, 9348, 9349, 9350, 9351, 9352, 9353, 9354, 9355, 9356, 9357, 9358, 9359, 9360, 9361, 9362, 9363, 9364, 9365, 9366, 9367, 9368, 9369, 9370, 9371, 9372, 9373, 9374, 9375, 9376, 9377, 9378, 9379, 9380, 9381, 9382, 9383, 9384, 9385, 9386, 9387, 9388, 9389, 9390, 9391, 9392, 9393, 9394, 9395, 9396
2026-07-10T07:55:44,217 INFO  [stream execution thread for [id = 902c30ec-3a1f-44e8-98b0-fa8623ee4f47, runId = 015e8960-3136-4856-ba07-4dbab963ea88]] checkpointing.OffsetSeqLog: Getting latest batch 9396
2026-07-10T07:55:44,247 INFO  [stream execution thread for [id = 902c30ec-3a1f-44e8-98b0-fa8623ee4f47, runId = 015e8960-3136-4856-ba07-4dbab963ea88]] checkpointing.OffsetSeqLog: BatchIds found from listing: 9296, 9297, 9298, 9299, 9300, 9301, 9302, 9303, 9304, 9305, 9306, 9307, 9308, 9309, 9310, 9311, 9312, 9313, 9314, 9315, 9316, 9317, 9318, 9319, 9320, 9321, 9322, 9323, 9324, 9325, 9326, 9327, 9328, 9329, 9330, 9331, 9332, 9333, 9334, 9335, 9336, 9337, 9338, 9339, 9340, 9341, 9342, 9343, 9344, 9345, 9346, 9347, 9348, 9349, 9350, 9351, 9352, 9353, 9354, 9355, 9356, 9357, 9358, 9359, 9360, 9361, 9362, 9363, 9364, 9365, 9366, 9367, 9368, 9369, 9370, 9371, 9372, 9373, 9374, 9375, 9376, 9377, 9378, 9379, 9380, 9381, 9382, 9383, 9384, 9385, 9386, 9387, 9388, 9389, 9390, 9391, 9392, 9393, 9394, 9395, 9396
2026-07-10T07:55:44,249 INFO  [stream execution thread for [id = 902c30ec-3a1f-44e8-98b0-fa8623ee4f47, runId = 015e8960-3136-4856-ba07-4dbab963ea88]] checkpointing.OffsetSeqLog: Getting latest batch 9396
2026-07-10T07:55:44,345 INFO  [stream execution thread for [id = 902c30ec-3a1f-44e8-98b0-fa8623ee4f47, runId = 015e8960-3136-4856-ba07-4dbab963ea88]] checkpointing.CommitLog: BatchIds found from listing: 9296, 9297, 9298, 9299, 9300, 9301, 9302, 9303, 9304, 9305, 9306, 9307, 9308, 9309, 9310, 9311, 9312, 9313, 9314, 9315, 9316, 9317, 9318, 9319, 9320, 9321, 9322, 9323, 9324, 9325, 9326, 9327, 9328, 9329, 9330, 9331, 9332, 9333, 9334, 9335, 9336, 9337, 9338, 9339, 9340, 9341, 9342, 9343, 9344, 9345, 9346, 9347, 9348, 9349, 9350, 9351, 9352, 9353, 9354, 9355, 9356, 9357, 9358, 9359, 9360, 9361, 9362, 9363, 9364, 9365, 9366, 9367, 9368, 9369, 9370, 9371, 9372, 9373, 9374, 9375, 9376, 9377, 9378, 9379, 9380, 9381, 9382, 9383, 9384, 9385, 9386, 9387, 9388, 9389, 9390, 9391, 9392, 9393, 9394, 9395
2026-07-10T07:55:44,347 INFO  [stream execution thread for [id = 902c30ec-3a1f-44e8-98b0-fa8623ee4f47, runId = 015e8960-3136-4856-ba07-4dbab963ea88]] checkpointing.CommitLog: Getting latest batch 9395
2026-07-10T07:55:44,365 INFO  [stream execution thread for [id = 902c30ec-3a1f-44e8-98b0-fa8623ee4f47, runId = 015e8960-3136-4856-ba07-4dbab963ea88]] runtime.MicroBatchExecution: Resuming at batch 9396 with committed offsets {KafkaV2[Subscribe[planet-import]]: {"planet-import":{"0":51069,"1":51108,"2":50257}}} and available offsets {KafkaV2[Subscribe[planet-import]]: {"planet-import":{"0":51072,"1":51112,"2":50259}}}
2026-07-10T07:55:44,367 INFO  [stream execution thread for [id = 902c30ec-3a1f-44e8-98b0-fa8623ee4f47, runId = 015e8960-3136-4856-ba07-4dbab963ea88]] runtime.MicroBatchExecution: Stream started from {KafkaV2[Subscribe[planet-import]]: {"planet-import":{"0":51069,"1":51108,"2":50257}}}
2026-07-10T07:55:48,254 INFO  [stream execution thread for [id = 902c30ec-3a1f-44e8-98b0-fa8623ee4f47, runId = 015e8960-3136-4856-ba07-4dbab963ea88]] codegen.CodeGenerator: Code generated in 1338.017284 ms
2026-07-10T07:55:48,286 INFO  [stream execution thread for [id = 902c30ec-3a1f-44e8-98b0-fa8623ee4f47, runId = 015e8960-3136-4856-ba07-4dbab963ea88]] kafka010.KafkaOffsetReaderAdmin: Partitions added: Map()
2026-07-10T07:55:50,124 INFO  [shuffle-exchange-0] codegen.CodeGenerator: Code generated in 140.62921 ms
2026-07-10T07:55:50,403 INFO  [dag-scheduler-event-loop] scheduler.DAGScheduler: Registering RDD 6 (start at Kafka2Hive.scala:80) as input to shuffle 0
2026-07-10T07:55:50,420 INFO  [dag-scheduler-event-loop] scheduler.DAGScheduler: Got map stage job 0 (start at Kafka2Hive.scala:80) with 3 output partitions
2026-07-10T07:55:50,426 INFO  [dag-scheduler-event-loop] scheduler.DAGScheduler: Final stage: ShuffleMapStage 0 (start at Kafka2Hive.scala:80)
2026-07-10T07:55:50,427 INFO  [dag-scheduler-event-loop] scheduler.DAGScheduler: Parents of final stage: List()
2026-07-10T07:55:50,439 INFO  [dag-scheduler-event-loop] scheduler.DAGScheduler: Missing parents: List()
2026-07-10T07:55:50,461 INFO  [dag-scheduler-event-loop] scheduler.DAGScheduler: Missing parents found for ShuffleMapStage 0: List()
2026-07-10T07:55:50,462 INFO  [dag-scheduler-event-loop] scheduler.DAGScheduler: Submitting ShuffleMapStage 0 (MapPartitionsRDD[6] at start at Kafka2Hive.scala:80), which has no missing parents
2026-07-10T07:55:51,066 INFO  [dag-scheduler-event-loop] memory.MemoryStore: MemoryStore started with capacity 127.2 MiB
2026-07-10T07:55:51,114 INFO  [dag-scheduler-event-loop] memory.MemoryStore: Block broadcast_0 stored as values in memory (estimated size 52.9 KiB, free 127.1 MiB)
2026-07-10T07:55:51,224 INFO  [dag-scheduler-event-loop] memory.MemoryStore: Block broadcast_0_piece0 stored as bytes in memory (estimated size 17.8 KiB, free 127.1 MiB)
2026-07-10T07:55:51,236 INFO  [dag-scheduler-event-loop] spark.SparkContext: Created broadcast 0 from broadcast at DAGScheduler.scala:1686
2026-07-10T07:55:51,361 INFO  [dag-scheduler-event-loop] scheduler.DAGScheduler: Submitting 3 missing tasks from ShuffleMapStage 0 (MapPartitionsRDD[6] at start at Kafka2Hive.scala:80) (first 15 tasks are for partitions Vector(0, 1, 2))
2026-07-10T07:55:51,369 INFO  [dag-scheduler-event-loop] cluster.YarnClusterScheduler: Adding task set 0.0 with 3 tasks resource profile 0
2026-07-10T07:55:51,607 INFO  [dispatcher-CoarseGrainedScheduler] scheduler.TaskSetManager: Starting task 0.0 in stage 0.0 (TID 0) (node131.host,executor 2, partition 0, PROCESS_LOCAL, 11017 bytes) 
2026-07-10T07:55:51,629 INFO  [dispatcher-CoarseGrainedScheduler] scheduler.TaskSetManager: Starting task 1.0 in stage 0.0 (TID 1) (node143.host,executor 1, partition 1, PROCESS_LOCAL, 11017 bytes) 
2026-07-10T07:55:59,521 INFO  [dispatcher-CoarseGrainedScheduler] scheduler.TaskSetManager: Starting task 2.0 in stage 0.0 (TID 2) (node131.host,executor 2, partition 2, PROCESS_LOCAL, 11017 bytes) 
2026-07-10T07:55:59,560 INFO  [task-result-getter-0] scheduler.TaskSetManager: Finished task 0.0 in stage 0.0 (TID 0) in 8070 ms on node131.host (executor 2) (1/3)
2026-07-10T07:56:00,268 INFO  [task-result-getter-1] scheduler.TaskSetManager: Finished task 2.0 in stage 0.0 (TID 2) in 761 ms on node131.host (executor 2) (2/3)
2026-07-10T07:56:06,844 INFO  [task-result-getter-2] scheduler.TaskSetManager: Finished task 1.0 in stage 0.0 (TID 1) in 15220 ms on node143.host (executor 1) (3/3)
2026-07-10T07:56:06,853 INFO  [dag-scheduler-event-loop] scheduler.DAGScheduler: ShuffleMapStage 0 (start at Kafka2Hive.scala:80) finished in 16319 ms
2026-07-10T07:56:06,859 INFO  [dag-scheduler-event-loop] scheduler.DAGScheduler: looking for newly runnable stages
2026-07-10T07:56:06,861 INFO  [task-result-getter-2] cluster.YarnClusterScheduler: Removed TaskSet 0.0 whose tasks have all completed, from pool 
2026-07-10T07:56:06,861 INFO  [dag-scheduler-event-loop] scheduler.DAGScheduler: running: HashSet()
2026-07-10T07:56:06,862 INFO  [dag-scheduler-event-loop] scheduler.DAGScheduler: waiting: HashSet()
2026-07-10T07:56:06,867 INFO  [dag-scheduler-event-loop] scheduler.DAGScheduler: failed: HashSet()
2026-07-10T07:56:07,264 INFO  [ResultQueryStageExecution-0] codegen.CodeGenerator: Code generated in 99.552161 ms
2026-07-10T07:56:07,521 INFO  [ResultQueryStageExecution-0] spark.SparkContext: Starting job: start at Kafka2Hive.scala:80
2026-07-10T07:56:07,537 INFO  [dag-scheduler-event-loop] scheduler.DAGScheduler: Got job 1 (start at Kafka2Hive.scala:80) with 1 output partitions
2026-07-10T07:56:07,544 INFO  [dag-scheduler-event-loop] scheduler.DAGScheduler: Final stage: ResultStage 2 (start at Kafka2Hive.scala:80)
2026-07-10T07:56:07,545 INFO  [dag-scheduler-event-loop] scheduler.DAGScheduler: Parents of final stage: List(ShuffleMapStage 1)
2026-07-10T07:56:07,552 INFO  [dag-scheduler-event-loop] scheduler.DAGScheduler: Missing parents: List()
2026-07-10T07:56:07,559 INFO  [dag-scheduler-event-loop] scheduler.DAGScheduler: Missing parents found for ResultStage 2: List()
2026-07-10T07:56:07,559 INFO  [dag-scheduler-event-loop] scheduler.DAGScheduler: Submitting ResultStage 2 (MapPartitionsRDD[9] at start at Kafka2Hive.scala:80), which has no missing parents
2026-07-10T07:56:07,602 INFO  [dag-scheduler-event-loop] memory.MemoryStore: Block broadcast_1 stored as values in memory (estimated size 13.8 KiB, free 127.1 MiB)
2026-07-10T07:56:07,608 INFO  [dag-scheduler-event-loop] memory.MemoryStore: Block broadcast_1_piece0 stored as bytes in memory (estimated size 6.6 KiB, free 127.1 MiB)
2026-07-10T07:56:07,611 INFO  [dag-scheduler-event-loop] spark.SparkContext: Created broadcast 1 from broadcast at DAGScheduler.scala:1686
2026-07-10T07:56:07,620 INFO  [dag-scheduler-event-loop] scheduler.DAGScheduler: Submitting 1 missing tasks from ResultStage 2 (MapPartitionsRDD[9] at start at Kafka2Hive.scala:80) (first 15 tasks are for partitions Vector(0))
2026-07-10T07:56:07,621 INFO  [dag-scheduler-event-loop] cluster.YarnClusterScheduler: Adding task set 2.0 with 1 tasks resource profile 0
2026-07-10T07:56:07,636 INFO  [dispatcher-CoarseGrainedScheduler] scheduler.TaskSetManager: Starting task 0.0 in stage 2.0 (TID 3) (node131.host,executor 2, partition 0, NODE_LOCAL, 9647 bytes) 
2026-07-10T07:56:07,880 INFO  [dispatcher-event-loop-0] spark.MapOutputTrackerMasterEndpoint: Asked to send map output locations for shuffle 0 to 192.168.1.131:33682
2026-07-10T07:56:08,312 INFO  [task-result-getter-3] scheduler.TaskSetManager: Finished task 0.0 in stage 2.0 (TID 3) in 685 ms on node131.host (executor 2) (1/1)
2026-07-10T07:56:08,320 INFO  [task-result-getter-3] cluster.YarnClusterScheduler: Removed TaskSet 2.0 whose tasks have all completed, from pool 
2026-07-10T07:56:08,326 INFO  [dag-scheduler-event-loop] scheduler.DAGScheduler: ResultStage 2 (start at Kafka2Hive.scala:80) finished in 733 ms
2026-07-10T07:56:08,346 INFO  [dag-scheduler-event-loop] scheduler.DAGScheduler: Job 1 is finished. Cancelling potential speculative or zombie tasks for this job
2026-07-10T07:56:08,348 INFO  [dag-scheduler-event-loop] cluster.YarnClusterScheduler: Canceling stage 2
2026-07-10T07:56:08,358 INFO  [dag-scheduler-event-loop] cluster.YarnClusterScheduler: Killing all running tasks in stage 2: Stage finished
2026-07-10T07:56:08,377 INFO  [ResultQueryStageExecution-0] scheduler.DAGScheduler: Job 1 finished: start at Kafka2Hive.scala:80, took 855.732831 ms
2026-07-10T07:56:08,433 INFO  [stream execution thread for [id = 902c30ec-3a1f-44e8-98b0-fa8623ee4f47, runId = 015e8960-3136-4856-ba07-4dbab963ea88]] mariposa.Kafka2Hive: --- Writing Batch 9396 (9 rows) to Hive (planet.t_import) ---
2026-07-10T07:56:09,776 INFO  [stream execution thread for [id = 902c30ec-3a1f-44e8-98b0-fa8623ee4f47, runId = 015e8960-3136-4856-ba07-4dbab963ea88]] codegen.CodeGenerator: Code generated in 478.989697 ms
2026-07-10T07:56:09,916 INFO  [stream execution thread for [id = 902c30ec-3a1f-44e8-98b0-fa8623ee4f47, runId = 015e8960-3136-4856-ba07-4dbab963ea88]] spark.SparkContext: Starting job: start at Kafka2Hive.scala:80
2026-07-10T07:56:09,924 INFO  [dag-scheduler-event-loop] scheduler.DAGScheduler: Got job 2 (start at Kafka2Hive.scala:80) with 1 output partitions
2026-07-10T07:56:09,924 INFO  [dag-scheduler-event-loop] scheduler.DAGScheduler: Final stage: ResultStage 3 (start at Kafka2Hive.scala:80)
2026-07-10T07:56:09,925 INFO  [dag-scheduler-event-loop] scheduler.DAGScheduler: Parents of final stage: List()
2026-07-10T07:56:09,925 INFO  [dag-scheduler-event-loop] scheduler.DAGScheduler: Missing parents: List()
2026-07-10T07:56:09,932 INFO  [dag-scheduler-event-loop] scheduler.DAGScheduler: Missing parents found for ResultStage 3: List()
2026-07-10T07:56:09,935 INFO  [dag-scheduler-event-loop] scheduler.DAGScheduler: Submitting ResultStage 3 (MapPartitionsRDD[11] at start at Kafka2Hive.scala:80), which has no missing parents
2026-07-10T07:56:09,979 INFO  [dag-scheduler-event-loop] memory.MemoryStore: Block broadcast_2 stored as values in memory (estimated size 70.0 KiB, free 127.1 MiB)
2026-07-10T07:56:10,050 INFO  [dag-scheduler-event-loop] memory.MemoryStore: Block broadcast_2_piece0 stored as bytes in memory (estimated size 21.7 KiB, free 127.1 MiB)
2026-07-10T07:56:10,057 INFO  [dag-scheduler-event-loop] spark.SparkContext: Created broadcast 2 from broadcast at DAGScheduler.scala:1686
2026-07-10T07:56:10,070 INFO  [dag-scheduler-event-loop] scheduler.DAGScheduler: Submitting 1 missing tasks from ResultStage 3 (MapPartitionsRDD[11] at start at Kafka2Hive.scala:80) (first 15 tasks are for partitions Vector(0))
2026-07-10T07:56:10,071 INFO  [dag-scheduler-event-loop] cluster.YarnClusterScheduler: Adding task set 3.0 with 1 tasks resource profile 0
2026-07-10T07:56:10,097 INFO  [dispatcher-CoarseGrainedScheduler] scheduler.TaskSetManager: Starting task 0.0 in stage 3.0 (TID 4) (node131.host,executor 2, partition 0, PROCESS_LOCAL, 11028 bytes) 
2026-07-10T07:56:10,838 INFO  [task-result-getter-0] scheduler.TaskSetManager: Finished task 0.0 in stage 3.0 (TID 4) in 756 ms on node131.host (executor 2) (1/1)
2026-07-10T07:56:10,843 INFO  [task-result-getter-0] cluster.YarnClusterScheduler: Removed TaskSet 3.0 whose tasks have all completed, from pool 
2026-07-10T07:56:10,849 INFO  [dag-scheduler-event-loop] scheduler.DAGScheduler: ResultStage 3 (start at Kafka2Hive.scala:80) finished in 896 ms
2026-07-10T07:56:10,854 INFO  [dag-scheduler-event-loop] scheduler.DAGScheduler: Job 2 is finished. Cancelling potential speculative or zombie tasks for this job
2026-07-10T07:56:10,857 INFO  [dag-scheduler-event-loop] cluster.YarnClusterScheduler: Canceling stage 3
2026-07-10T07:56:10,857 INFO  [dag-scheduler-event-loop] cluster.YarnClusterScheduler: Killing all running tasks in stage 3: Stage finished
2026-07-10T07:56:10,867 INFO  [stream execution thread for [id = 902c30ec-3a1f-44e8-98b0-fa8623ee4f47, runId = 015e8960-3136-4856-ba07-4dbab963ea88]] scheduler.DAGScheduler: Job 2 finished: start at Kafka2Hive.scala:80, took 949.807346 ms
2026-07-10T07:56:10,918 INFO  [stream execution thread for [id = 902c30ec-3a1f-44e8-98b0-fa8623ee4f47, runId = 015e8960-3136-4856-ba07-4dbab963ea88]] spark.SparkContext: Starting job: start at Kafka2Hive.scala:80
2026-07-10T07:56:10,921 INFO  [dag-scheduler-event-loop] scheduler.DAGScheduler: Got job 3 (start at Kafka2Hive.scala:80) with 2 output partitions
2026-07-10T07:56:10,922 INFO  [dag-scheduler-event-loop] scheduler.DAGScheduler: Final stage: ResultStage 4 (start at Kafka2Hive.scala:80)
2026-07-10T07:56:10,922 INFO  [dag-scheduler-event-loop] scheduler.DAGScheduler: Parents of final stage: List()
2026-07-10T07:56:10,925 INFO  [dag-scheduler-event-loop] scheduler.DAGScheduler: Missing parents: List()
2026-07-10T07:56:10,928 INFO  [dag-scheduler-event-loop] scheduler.DAGScheduler: Missing parents found for ResultStage 4: List()
2026-07-10T07:56:10,933 INFO  [dag-scheduler-event-loop] scheduler.DAGScheduler: Submitting ResultStage 4 (MapPartitionsRDD[11] at start at Kafka2Hive.scala:80), which has no missing parents
2026-07-10T07:56:10,969 INFO  [dag-scheduler-event-loop] memory.MemoryStore: Block broadcast_3 stored as values in memory (estimated size 70.0 KiB, free 127.0 MiB)
2026-07-10T07:56:11,043 INFO  [dag-scheduler-event-loop] memory.MemoryStore: Block broadcast_3_piece0 stored as bytes in memory (estimated size 21.7 KiB, free 127.0 MiB)
2026-07-10T07:56:11,051 INFO  [dag-scheduler-event-loop] spark.SparkContext: Created broadcast 3 from broadcast at DAGScheduler.scala:1686
2026-07-10T07:56:11,055 INFO  [dag-scheduler-event-loop] scheduler.DAGScheduler: Submitting 2 missing tasks from ResultStage 4 (MapPartitionsRDD[11] at start at Kafka2Hive.scala:80) (first 15 tasks are for partitions Vector(1, 2))
2026-07-10T07:56:11,056 INFO  [dag-scheduler-event-loop] cluster.YarnClusterScheduler: Adding task set 4.0 with 2 tasks resource profile 0
2026-07-10T07:56:11,072 INFO  [dispatcher-CoarseGrainedScheduler] scheduler.TaskSetManager: Starting task 0.0 in stage 4.0 (TID 5) (node143.host,executor 1, partition 1, PROCESS_LOCAL, 11028 bytes) 
2026-07-10T07:56:11,078 INFO  [dispatcher-CoarseGrainedScheduler] scheduler.TaskSetManager: Starting task 1.0 in stage 4.0 (TID 6) (node131.host,executor 2, partition 2, PROCESS_LOCAL, 11028 bytes) 
2026-07-10T07:56:11,380 INFO  [task-result-getter-1] scheduler.TaskSetManager: Finished task 1.0 in stage 4.0 (TID 6) in 307 ms on node131.host (executor 2) (1/2)
2026-07-10T07:56:12,917 INFO  [task-result-getter-2] scheduler.TaskSetManager: Finished task 0.0 in stage 4.0 (TID 5) in 1850 ms on node143.host (executor 1) (2/2)
2026-07-10T07:56:12,917 INFO  [task-result-getter-2] cluster.YarnClusterScheduler: Removed TaskSet 4.0 whose tasks have all completed, from pool 
2026-07-10T07:56:12,920 INFO  [dag-scheduler-event-loop] scheduler.DAGScheduler: ResultStage 4 (start at Kafka2Hive.scala:80) finished in 1978 ms
2026-07-10T07:56:12,921 INFO  [dag-scheduler-event-loop] scheduler.DAGScheduler: Job 3 is finished. Cancelling potential speculative or zombie tasks for this job
2026-07-10T07:56:12,930 INFO  [dag-scheduler-event-loop] cluster.YarnClusterScheduler: Canceling stage 4
2026-07-10T07:56:12,930 INFO  [dag-scheduler-event-loop] cluster.YarnClusterScheduler: Killing all running tasks in stage 4: Stage finished
2026-07-10T07:56:12,932 INFO  [stream execution thread for [id = 902c30ec-3a1f-44e8-98b0-fa8623ee4f47, runId = 015e8960-3136-4856-ba07-4dbab963ea88]] scheduler.DAGScheduler: Job 3 finished: start at Kafka2Hive.scala:80, took 2013.553713 ms
2026-07-10T07:56:13,705 INFO  [stream execution thread for [id = 902c30ec-3a1f-44e8-98b0-fa8623ee4f47, runId = 015e8960-3136-4856-ba07-4dbab963ea88]] codegen.CodeGenerator: Code generated in 387.479129 ms
2026-07-10T07:56:23,083 INFO  [stream execution thread for [id = 902c30ec-3a1f-44e8-98b0-fa8623ee4f47, runId = 015e8960-3136-4856-ba07-4dbab963ea88]] datasources.InMemoryFileIndex: It took 8720 ms to list leaf files for 1 paths.
2026-07-10T07:56:24,635 INFO  [stream execution thread for [id = 902c30ec-3a1f-44e8-98b0-fa8623ee4f47, runId = 015e8960-3136-4856-ba07-4dbab963ea88]] parquet.ParquetUtils: Using default output committer for Parquet: org.apache.parquet.hadoop.ParquetOutputCommitter
2026-07-10T07:56:24,764 INFO  [stream execution thread for [id = 902c30ec-3a1f-44e8-98b0-fa8623ee4f47, runId = 015e8960-3136-4856-ba07-4dbab963ea88]] output.FileOutputCommitter: File Output Committer Algorithm version is 1
2026-07-10T07:56:24,765 INFO  [stream execution thread for [id = 902c30ec-3a1f-44e8-98b0-fa8623ee4f47, runId = 015e8960-3136-4856-ba07-4dbab963ea88]] output.FileOutputCommitter: FileOutputCommitter skip cleanup _temporary folders under output directory:false, ignore cleanup failures: false
2026-07-10T07:56:24,768 INFO  [stream execution thread for [id = 902c30ec-3a1f-44e8-98b0-fa8623ee4f47, runId = 015e8960-3136-4856-ba07-4dbab963ea88]] datasources.SQLHadoopMapReduceCommitProtocol: Using user defined output committer class org.apache.parquet.hadoop.ParquetOutputCommitter
2026-07-10T07:56:24,768 INFO  [stream execution thread for [id = 902c30ec-3a1f-44e8-98b0-fa8623ee4f47, runId = 015e8960-3136-4856-ba07-4dbab963ea88]] output.FileOutputCommitter: File Output Committer Algorithm version is 1
2026-07-10T07:56:24,768 INFO  [stream execution thread for [id = 902c30ec-3a1f-44e8-98b0-fa8623ee4f47, runId = 015e8960-3136-4856-ba07-4dbab963ea88]] output.FileOutputCommitter: FileOutputCommitter skip cleanup _temporary folders under output directory:false, ignore cleanup failures: false
2026-07-10T07:56:24,769 INFO  [stream execution thread for [id = 902c30ec-3a1f-44e8-98b0-fa8623ee4f47, runId = 015e8960-3136-4856-ba07-4dbab963ea88]] datasources.SQLHadoopMapReduceCommitProtocol: Using output committer class org.apache.parquet.hadoop.ParquetOutputCommitter
2026-07-10T07:56:24,913 INFO  [stream execution thread for [id = 902c30ec-3a1f-44e8-98b0-fa8623ee4f47, runId = 015e8960-3136-4856-ba07-4dbab963ea88]] codegen.CodeGenerator: Code generated in 102.051302 ms
2026-07-10T07:56:24,929 INFO  [stream execution thread for [id = 902c30ec-3a1f-44e8-98b0-fa8623ee4f47, runId = 015e8960-3136-4856-ba07-4dbab963ea88]] spark.SparkContext: Starting job: start at Kafka2Hive.scala:80
2026-07-10T07:56:24,930 INFO  [dag-scheduler-event-loop] scheduler.DAGScheduler: Got job 4 (start at Kafka2Hive.scala:80) with 3 output partitions
2026-07-10T07:56:24,931 INFO  [dag-scheduler-event-loop] scheduler.DAGScheduler: Final stage: ResultStage 5 (start at Kafka2Hive.scala:80)
2026-07-10T07:56:24,931 INFO  [dag-scheduler-event-loop] scheduler.DAGScheduler: Parents of final stage: List()
2026-07-10T07:56:24,931 INFO  [dag-scheduler-event-loop] scheduler.DAGScheduler: Missing parents: List()
2026-07-10T07:56:24,932 INFO  [dag-scheduler-event-loop] scheduler.DAGScheduler: Missing parents found for ResultStage 5: List()
2026-07-10T07:56:24,933 INFO  [dag-scheduler-event-loop] scheduler.DAGScheduler: Submitting ResultStage 5 (MapPartitionsRDD[13] at start at Kafka2Hive.scala:80), which has no missing parents
2026-07-10T07:56:25,196 INFO  [dag-scheduler-event-loop] memory.MemoryStore: Block broadcast_4 stored as values in memory (estimated size 421.7 KiB, free 126.8 MiB)
2026-07-10T07:56:25,203 INFO  [dag-scheduler-event-loop] memory.MemoryStore: Block broadcast_4_piece0 stored as bytes in memory (estimated size 117.4 KiB, free 126.7 MiB)
2026-07-10T07:56:25,206 INFO  [dag-scheduler-event-loop] spark.SparkContext: Created broadcast 4 from broadcast at DAGScheduler.scala:1686
2026-07-10T07:56:25,208 INFO  [dag-scheduler-event-loop] scheduler.DAGScheduler: Submitting 3 missing tasks from ResultStage 5 (MapPartitionsRDD[13] at start at Kafka2Hive.scala:80) (first 15 tasks are for partitions Vector(0, 1, 2))
2026-07-10T07:56:25,208 INFO  [dag-scheduler-event-loop] cluster.YarnClusterScheduler: Adding task set 5.0 with 3 tasks resource profile 0
2026-07-10T07:56:25,215 INFO  [dispatcher-CoarseGrainedScheduler] scheduler.TaskSetManager: Starting task 0.0 in stage 5.0 (TID 7) (node131.host,executor 2, partition 0, PROCESS_LOCAL, 11028 bytes) 
2026-07-10T07:56:25,219 INFO  [dispatcher-CoarseGrainedScheduler] scheduler.TaskSetManager: Starting task 1.0 in stage 5.0 (TID 8) (node143.host,executor 1, partition 1, PROCESS_LOCAL, 11028 bytes) 
2026-07-10T07:56:29,642 INFO  [dispatcher-CoarseGrainedScheduler] scheduler.TaskSetManager: Starting task 2.0 in stage 5.0 (TID 9) (node131.host,executor 2, partition 2, PROCESS_LOCAL, 11028 bytes) 
2026-07-10T07:56:29,728 INFO  [task-result-getter-3] scheduler.TaskSetManager: Finished task 0.0 in stage 5.0 (TID 7) in 4514 ms on node131.host (executor 2) (1/3)
2026-07-10T07:56:30,309 INFO  [task-result-getter-0] scheduler.TaskSetManager: Finished task 2.0 in stage 5.0 (TID 9) in 668 ms on node131.host (executor 2) (2/3)
2026-07-10T07:56:34,608 INFO  [task-result-getter-1] scheduler.TaskSetManager: Finished task 1.0 in stage 5.0 (TID 8) in 9390 ms on node143.host (executor 1) (3/3)
2026-07-10T07:56:34,619 INFO  [task-result-getter-1] cluster.YarnClusterScheduler: Removed TaskSet 5.0 whose tasks have all completed, from pool 
2026-07-10T07:56:34,620 INFO  [dag-scheduler-event-loop] scheduler.DAGScheduler: ResultStage 5 (start at Kafka2Hive.scala:80) finished in 9686 ms
2026-07-10T07:56:34,621 INFO  [dag-scheduler-event-loop] scheduler.DAGScheduler: Job 4 is finished. Cancelling potential speculative or zombie tasks for this job
2026-07-10T07:56:34,621 INFO  [dag-scheduler-event-loop] cluster.YarnClusterScheduler: Canceling stage 5
2026-07-10T07:56:34,621 INFO  [dag-scheduler-event-loop] cluster.YarnClusterScheduler: Killing all running tasks in stage 5: Stage finished
2026-07-10T07:56:34,623 INFO  [stream execution thread for [id = 902c30ec-3a1f-44e8-98b0-fa8623ee4f47, runId = 015e8960-3136-4856-ba07-4dbab963ea88]] scheduler.DAGScheduler: Job 4 finished: start at Kafka2Hive.scala:80, took 9693.790568 ms
2026-07-10T07:56:34,646 INFO  [stream execution thread for [id = 902c30ec-3a1f-44e8-98b0-fa8623ee4f47, runId = 015e8960-3136-4856-ba07-4dbab963ea88]] datasources.FileFormatWriter: Start to commit write Job 62a2a24c-b75f-4f49-944c-8974a9afae7f.
2026-07-10T07:56:34,918 INFO  [stream execution thread for [id = 902c30ec-3a1f-44e8-98b0-fa8623ee4f47, runId = 015e8960-3136-4856-ba07-4dbab963ea88]] datasources.FileFormatWriter: Write Job 62a2a24c-b75f-4f49-944c-8974a9afae7f committed. Elapsed time: 263 ms.
2026-07-10T07:56:34,955 INFO  [stream execution thread for [id = 902c30ec-3a1f-44e8-98b0-fa8623ee4f47, runId = 015e8960-3136-4856-ba07-4dbab963ea88]] datasources.FileFormatWriter: Finished processing stats for write job 62a2a24c-b75f-4f49-944c-8974a9afae7f.
2026-07-10T07:56:43,361 INFO  [stream execution thread for [id = 902c30ec-3a1f-44e8-98b0-fa8623ee4f47, runId = 015e8960-3136-4856-ba07-4dbab963ea88]] datasources.InMemoryFileIndex: It took 8357 ms to list leaf files for 1 paths.
2026-07-10T07:56:44,047 INFO  [stream execution thread for [id = 902c30ec-3a1f-44e8-98b0-fa8623ee4f47, runId = 015e8960-3136-4856-ba07-4dbab963ea88]] checkpointing.CheckpointFileManager: Writing atomically to hdfs://node49.host:9000/tmp/spark-checkpoints/mariposa-hive-planet-import/commits/9396 using temp file hdfs://node49.host:9000/tmp/spark-checkpoints/mariposa-hive-planet-import/commits/.9396.3a349d7a-9ef4-4d7a-9c49-a461d8817c6b.tmp
2026-07-10T07:56:44,175 INFO  [stream execution thread for [id = 902c30ec-3a1f-44e8-98b0-fa8623ee4f47, runId = 015e8960-3136-4856-ba07-4dbab963ea88]] checkpointing.CheckpointFileManager: Renamed temp file hdfs://node49.host:9000/tmp/spark-checkpoints/mariposa-hive-planet-import/commits/.9396.3a349d7a-9ef4-4d7a-9c49-a461d8817c6b.tmp to hdfs://node49.host:9000/tmp/spark-checkpoints/mariposa-hive-planet-import/commits/9396
2026-07-10T07:56:44,360 ERROR [stream execution thread for [id = 902c30ec-3a1f-44e8-98b0-fa8623ee4f47, runId = 015e8960-3136-4856-ba07-4dbab963ea88]] runtime.MicroBatchExecution: Query [id = 902c30ec-3a1f-44e8-98b0-fa8623ee4f47, runId = 015e8960-3136-4856-ba07-4dbab963ea88] terminated with error
java.lang.NullPointerException: Cannot invoke "scala.collection.IterableOps.map(scala.Function1)" because the return value of "scala.Option.get()" is null
	at org.apache.spark.sql.kafka010.KafkaMicroBatchStream$.metrics(KafkaMicroBatchStream.scala:520) ~[__app__.jar:1.0.0]
	at org.apache.spark.sql.kafka010.KafkaMicroBatchStream.metrics(KafkaMicroBatchStream.scala:363) ~[__app__.jar:1.0.0]
	at org.apache.spark.sql.execution.streaming.runtime.ProgressContext.$anonfun$extractSourceProgress$2(ProgressReporter.scala:384) ~[spark-sql_2.13-4.1.1.jar:4.1.1]
	at org.apache.spark.util.Utils$.timeTakenMs(Utils.scala:496) ~[spark-core_2.13-4.1.1.jar:4.1.1]
	at org.apache.spark.sql.execution.streaming.runtime.ProgressContext.$anonfun$extractSourceProgress$1(ProgressReporter.scala:380) ~[spark-sql_2.13-4.1.1.jar:4.1.1]
	at scala.collection.immutable.List.map(List.scala:236) ~[scala-library-2.13.17.jar:?]
	at scala.collection.immutable.List.map(List.scala:79) ~[scala-library-2.13.17.jar:?]
	at org.apache.spark.sql.execution.streaming.runtime.ProgressContext.extractSourceProgress(ProgressReporter.scala:379) ~[spark-sql_2.13-4.1.1.jar:4.1.1]
	at org.apache.spark.sql.execution.streaming.runtime.ProgressContext.constructNewProgress(ProgressReporter.scala:348) ~[spark-sql_2.13-4.1.1.jar:4.1.1]
	at org.apache.spark.sql.execution.streaming.runtime.ProgressContext.finishTrigger(ProgressReporter.scala:312) ~[spark-sql_2.13-4.1.1.jar:4.1.1]
	at org.apache.spark.sql.execution.streaming.runtime.ProgressContext.finishTrigger(ProgressReporter.scala:429) ~[spark-sql_2.13-4.1.1.jar:4.1.1]
	at org.apache.spark.sql.execution.streaming.runtime.MicroBatchExecution.executeOneBatch(MicroBatchExecution.scala:525) ~[spark-sql_2.13-4.1.1.jar:4.1.1]
	at org.apache.spark.sql.execution.streaming.runtime.MicroBatchExecution.$anonfun$runActivatedStream$1(MicroBatchExecution.scala:461) ~[spark-sql_2.13-4.1.1.jar:4.1.1]
	at org.apache.spark.sql.execution.streaming.runtime.MicroBatchExecution.$anonfun$runActivatedStream$1$adapted(MicroBatchExecution.scala:461) ~[spark-sql_2.13-4.1.1.jar:4.1.1]
	at org.apache.spark.sql.execution.streaming.runtime.TriggerExecutor.runOneBatch(TriggerExecutor.scala:40) ~[spark-sql_2.13-4.1.1.jar:4.1.1]
	at org.apache.spark.sql.execution.streaming.runtime.TriggerExecutor.runOneBatch$(TriggerExecutor.scala:38) ~[spark-sql_2.13-4.1.1.jar:4.1.1]
	at org.apache.spark.sql.execution.streaming.runtime.ProcessingTimeExecutor.runOneBatch(TriggerExecutor.scala:71) ~[spark-sql_2.13-4.1.1.jar:4.1.1]
	at org.apache.spark.sql.execution.streaming.runtime.ProcessingTimeExecutor.execute(TriggerExecutor.scala:83) ~[spark-sql_2.13-4.1.1.jar:4.1.1]
	at org.apache.spark.sql.execution.streaming.runtime.MicroBatchExecution.runActivatedStream(MicroBatchExecution.scala:461) ~[spark-sql_2.13-4.1.1.jar:4.1.1]
	at org.apache.spark.sql.execution.streaming.runtime.StreamExecution.$anonfun$runStream$1(StreamExecution.scala:347) [spark-sql_2.13-4.1.1.jar:4.1.1]
	at scala.runtime.java8.JFunction0$mcV$sp.apply(JFunction0$mcV$sp.scala:18) ~[scala-library-2.13.17.jar:?]
	at org.apache.spark.sql.SparkSession.withActive(SparkSession.scala:804) ~[spark-sql-api_2.13-4.1.1.jar:4.1.1]
	at org.apache.spark.sql.execution.streaming.runtime.StreamExecution.org$apache$spark$sql$execution$streaming$runtime$StreamExecution$$runStream(StreamExecution.scala:307) [spark-sql_2.13-4.1.1.jar:4.1.1]
	at org.apache.spark.sql.execution.streaming.runtime.StreamExecution$$anon$1.run(StreamExecution.scala:230) [spark-sql_2.13-4.1.1.jar:4.1.1]
2026-07-10T07:56:44,453 INFO  [stream execution thread for [id = 902c30ec-3a1f-44e8-98b0-fa8623ee4f47, runId = 015e8960-3136-4856-ba07-4dbab963ea88]] runtime.MicroBatchExecution: Async log purge executor pool for query [id = 902c30ec-3a1f-44e8-98b0-fa8623ee4f47, runId = 015e8960-3136-4856-ba07-4dbab963ea88] has been shutdown
2026-07-10T07:56:44,569 ERROR [Driver] yarn.ApplicationMaster: User class threw exception: 
org.apache.spark.sql.streaming.StreamingQueryException: [STREAM_FAILED] Query [id = 902c30ec-3a1f-44e8-98b0-fa8623ee4f47, runId = 015e8960-3136-4856-ba07-4dbab963ea88] terminated with exception: Cannot invoke "scala.collection.IterableOps.map(scala.Function1)" because the return value of "scala.Option.get()" is null SQLSTATE: XXKST
=== Streaming Query ===
Identifier: [id = 902c30ec-3a1f-44e8-98b0-fa8623ee4f47, runId = 015e8960-3136-4856-ba07-4dbab963ea88]
Current Committed Offsets: {KafkaV2[Subscribe[planet-import]]: {"planet-import":{"0":51069,"1":51108,"2":50257}}}
Current Available Offsets: {KafkaV2[Subscribe[planet-import]]: {"planet-import":{"0":51072,"1":51112,"2":50259}}}

Current State: ACTIVE
Thread State: RUNNABLE

Logical Plan:
~WriteToMicroBatchDataSourceV1 ForeachBatchSink, 902c30ec-3a1f-44e8-98b0-fa8623ee4f47, [checkpointLocation=/tmp/spark-checkpoints/mariposa-hive-planet-import], Append
+- ~Project [data#107.profile_url AS profile_url#108, data#107.name_age AS name_age#109, data#107.city AS city#110, data#107.photo_url AS photo_url#111, data#107.visitors AS visitors#112, data#107.personal_appearance AS personal_appearance#113, data#107.personal_status AS personal_status#114, data#107.personal_children AS personal_children#115, data#107.personal_pets AS personal_pets#116, data#107.personal_housing AS personal_housing#117, data#107.personal_has_car AS personal_has_car#118, data#107.personal_education AS personal_education#119, data#107.personal_university AS personal_university#120, data#107.personal_graduate_year AS personal_graduate_year#121, data#107.personal_income AS personal_income#122, data#107.personal_industry AS personal_industry#123, data#107.personal_job AS personal_job#124, data#107.personal_smoking AS personal_smoking#125, data#107.personal_alcohol AS personal_alcohol#126, data#107.personal_languages AS personal_languages#127, data#107.personal_sports AS personal_sports#128, data#107.quote AS quote#129, data#107.seeking AS seeking#130, data#107.about AS about#131, data#107.target_search AS target_search#132, ... 21 more fields]
   +- ~Project [from_json(StructField(profile_url,StringType,true), StructField(name_age,StringType,true), StructField(city,StringType,true), StructField(photo_url,StringType,true), StructField(visitors,IntegerType,true), StructField(personal_appearance,StringType,true), StructField(personal_status,StringType,true), StructField(personal_children,StringType,true), StructField(personal_pets,StringType,true), StructField(personal_housing,StringType,true), StructField(personal_has_car,StringType,true), StructField(personal_education,StringType,true), StructField(personal_university,StringType,true), StructField(personal_graduate_year,StringType,true), StructField(personal_income,StringType,true), StructField(personal_industry,StringType,true), StructField(personal_job,StringType,true), StructField(personal_smoking,StringType,true), StructField(personal_alcohol,StringType,true), StructField(personal_languages,ArrayType(StringType,true),true), StructField(personal_sports,ArrayType(StringType,true),true), StructField(quote,StringType,true), StructField(seeking,StringType,true), StructField(about,StringType,true), StructField(target_search,StringType,true), ... 24 more fields) AS data#107]
      +- ~Project [cast(value#100 as string) AS json_payload#106]
         +- ~StreamingDataSourceV2ScanRelation[key#99, value#100, topic#101, partition#102, offset#103L, timestamp#104, timestampType#105] KafkaTable

	at org.apache.spark.sql.execution.streaming.runtime.StreamExecution.org$apache$spark$sql$execution$streaming$runtime$StreamExecution$$runStream(StreamExecution.scala:382) ~[spark-sql_2.13-4.1.1.jar:4.1.1]
	at org.apache.spark.sql.execution.streaming.runtime.StreamExecution$$anon$1.run(StreamExecution.scala:230) ~[spark-sql_2.13-4.1.1.jar:4.1.1]
Caused by: java.lang.NullPointerException: Cannot invoke "scala.collection.IterableOps.map(scala.Function1)" because the return value of "scala.Option.get()" is null
	at org.apache.spark.sql.kafka010.KafkaMicroBatchStream$.metrics(KafkaMicroBatchStream.scala:520) ~[__app__.jar:1.0.0]
	at org.apache.spark.sql.kafka010.KafkaMicroBatchStream.metrics(KafkaMicroBatchStream.scala:363) ~[__app__.jar:1.0.0]
	at org.apache.spark.sql.execution.streaming.runtime.ProgressContext.$anonfun$extractSourceProgress$2(ProgressReporter.scala:384) ~[spark-sql_2.13-4.1.1.jar:4.1.1]
	at org.apache.spark.util.Utils$.timeTakenMs(Utils.scala:496) ~[spark-core_2.13-4.1.1.jar:4.1.1]
	at org.apache.spark.sql.execution.streaming.runtime.ProgressContext.$anonfun$extractSourceProgress$1(ProgressReporter.scala:380) ~[spark-sql_2.13-4.1.1.jar:4.1.1]
	at scala.collection.immutable.List.map(List.scala:236) ~[scala-library-2.13.17.jar:?]
	at scala.collection.immutable.List.map(List.scala:79) ~[scala-library-2.13.17.jar:?]
	at org.apache.spark.sql.execution.streaming.runtime.ProgressContext.extractSourceProgress(ProgressReporter.scala:379) ~[spark-sql_2.13-4.1.1.jar:4.1.1]
	at org.apache.spark.sql.execution.streaming.runtime.ProgressContext.constructNewProgress(ProgressReporter.scala:348) ~[spark-sql_2.13-4.1.1.jar:4.1.1]
	at org.apache.spark.sql.execution.streaming.runtime.ProgressContext.finishTrigger(ProgressReporter.scala:312) ~[spark-sql_2.13-4.1.1.jar:4.1.1]
	at org.apache.spark.sql.execution.streaming.runtime.ProgressContext.finishTrigger(ProgressReporter.scala:429) ~[spark-sql_2.13-4.1.1.jar:4.1.1]
	at org.apache.spark.sql.execution.streaming.runtime.MicroBatchExecution.executeOneBatch(MicroBatchExecution.scala:525) ~[spark-sql_2.13-4.1.1.jar:4.1.1]
	at org.apache.spark.sql.execution.streaming.runtime.MicroBatchExecution.$anonfun$runActivatedStream$1(MicroBatchExecution.scala:461) ~[spark-sql_2.13-4.1.1.jar:4.1.1]
	at org.apache.spark.sql.execution.streaming.runtime.MicroBatchExecution.$anonfun$runActivatedStream$1$adapted(MicroBatchExecution.scala:461) ~[spark-sql_2.13-4.1.1.jar:4.1.1]
	at org.apache.spark.sql.execution.streaming.runtime.TriggerExecutor.runOneBatch(TriggerExecutor.scala:40) ~[spark-sql_2.13-4.1.1.jar:4.1.1]
	at org.apache.spark.sql.execution.streaming.runtime.TriggerExecutor.runOneBatch$(TriggerExecutor.scala:38) ~[spark-sql_2.13-4.1.1.jar:4.1.1]
	at org.apache.spark.sql.execution.streaming.runtime.ProcessingTimeExecutor.runOneBatch(TriggerExecutor.scala:71) ~[spark-sql_2.13-4.1.1.jar:4.1.1]
	at org.apache.spark.sql.execution.streaming.runtime.ProcessingTimeExecutor.execute(TriggerExecutor.scala:83) ~[spark-sql_2.13-4.1.1.jar:4.1.1]
	at org.apache.spark.sql.execution.streaming.runtime.MicroBatchExecution.runActivatedStream(MicroBatchExecution.scala:461) ~[spark-sql_2.13-4.1.1.jar:4.1.1]
	at org.apache.spark.sql.execution.streaming.runtime.StreamExecution.$anonfun$runStream$1(StreamExecution.scala:347) ~[spark-sql_2.13-4.1.1.jar:4.1.1]
	at scala.runtime.java8.JFunction0$mcV$sp.apply(JFunction0$mcV$sp.scala:18) ~[scala-library-2.13.17.jar:?]
	at org.apache.spark.sql.SparkSession.withActive(SparkSession.scala:804) ~[spark-sql-api_2.13-4.1.1.jar:4.1.1]
	at org.apache.spark.sql.execution.streaming.runtime.StreamExecution.org$apache$spark$sql$execution$streaming$runtime$StreamExecution$$runStream(StreamExecution.scala:307) ~[spark-sql_2.13-4.1.1.jar:4.1.1]
	... 1 more
2026-07-10T07:56:44,594 INFO  [Driver] yarn.ApplicationMaster: e.spark.sql.execution.streaming.runtime.TriggerExecutor.runOneBatch(TriggerExecutor.scala:40)
	at org.apache.spark.sql.execution.streaming.runtime.TriggerExecutor.runOneBatch$(TriggerExecutor.scala:38)
	at org.apache.spark.sql.execution.streaming.runtime.ProcessingTimeExecutor.runOneBatch(TriggerExecutor.scala:71)
	at org.apache.spark.sql.execution.streaming.runtime.ProcessingTimeExecutor.execute(TriggerExecutor.scala:83)
	at org.apache.spark.sql.execution.streaming.runtime.MicroBatchExecution.runActivatedStream(MicroBatchExecution.scala:461)
	at org.apache.spark.sql.execution.streaming.runtime.StreamExecution.$anonfun$runStream$1(StreamExecution.scala:347)
	at scala.runtime.java8.JFunction0$mcV$sp.apply(JFunction0$mcV$sp.scala:18)
	at org.apache.spark.sql.SparkSession.withActive(SparkSession.scala:804)
	at org.apache.spark.sql.execution.streaming.runtime.StreamExecution.org$apache$spark$sql$execution$streaming$runtime$StreamExecution$$runStream(StreamExecution.scala:307)
	... 1 more
)
2026-07-10T07:56:44,630 INFO  [shutdown-hook-0] spark.SparkContext: Invoking stop() from shutdown hook
2026-07-10T07:56:44,638 INFO  [shutdown-hook-0] spark.SparkContext: SparkContext is stopping with exitCode 0 from run at Executors.java:539.
2026-07-10T07:56:44,669 INFO  [shutdown-hook-0] server.Server: Stopped Server@395b605{STOPPING}[11.0.26,sto=30000]
2026-07-10T07:56:44,670 INFO  [shutdown-hook-0] server.Server: Shutdown Server@395b605{STOPPING}[11.0.26,sto=30000]
2026-07-10T07:56:44,720 INFO  [shutdown-hook-0] server.AbstractConnector: Stopped Spark@232cdecc{HTTP/1.1, (http/1.1)}{0.0.0.0:0}
2026-07-10T07:56:44,769 INFO  [shutdown-hook-0] ui.SparkUI: Stopped Spark web UI at http://node143.host:40705
2026-07-10T07:56:44,834 INFO  [shutdown-hook-0] cluster.YarnClusterSchedulerBackend: Shutting down all executors
2026-07-10T07:56:44,835 INFO  [dispatcher-CoarseGrainedScheduler] cluster.YarnSchedulerBackend$YarnDriverEndpoint: Asking each executor to shut down
2026-07-10T07:56:45,085 INFO  [dispatcher-event-loop-0] spark.MapOutputTrackerMasterEndpoint: MapOutputTrackerMasterEndpoint stopped!
2026-07-10T07:56:45,167 INFO  [shutdown-hook-0] memory.MemoryStore: MemoryStore cleared
2026-07-10T07:56:45,168 INFO  [shutdown-hook-0] storage.BlockManager: BlockManager stopped
2026-07-10T07:56:45,216 INFO  [shutdown-hook-0] storage.BlockManagerMaster: BlockManagerMaster stopped
2026-07-10T07:56:45,243 INFO  [dispatcher-event-loop-1] scheduler.OutputCommitCoordinator$OutputCommitCoordinatorEndpoint: OutputCommitCoordinator stopped!
2026-07-10T07:56:45,320 INFO  [shutdown-hook-0] spark.SparkContext: Successfully stopped SparkContext (Uptime: 122392 ms)

